Added Component: Designator=J1(1985917)
Add component. Clean all parameters for all variants
Add component (AddParameter): Name = "Datasheet Link"; Value = "https://media.digikey.com/pdf/Data%20Sheets/Phoenix%20Contact%20PDFs/Multi-Postion%20PCTerminal%20Blocks.pdf"; VariantName = "[No Variations]"
Add component (AddParameter): Name = "Geometry.Height"; Value = "13.95mm"; VariantName = "[No Variations]"
Add component (AddParameter): Name = "Manufacturer_Name"; Value = "Phoenix Contact"; VariantName = "[No Variations]"
Add component (AddParameter): Name = "Manufacturer_Part_Number"; Value = "1985917"; VariantName = "[No Variations]"
Add component (AddParameter): Name = "TTI Part Number"; Value = ""; VariantName = "[No Variations]"
Add component (AddParameter): Name = "TTI Price/Stock"; Value = ""; VariantName = "[No Variations]"
Added Component: Designator=J2(RHDR24W64P254_2X12_3033X498X870P)
Add component. Clean all parameters for all variants
Add component (AddParameter): Name = "Datasheet Link"; Value = "https://www.molex.com/pdm_docs/sd/901512124_sd.pdf"; VariantName = "[No Variations]"
Add component (AddParameter): Name = "Geometry.Height"; Value = "8.7mm"; VariantName = "[No Variations]"
Add component (AddParameter): Name = "Manufacturer_Name"; Value = "Molex"; VariantName = "[No Variations]"
Add component (AddParameter): Name = "Manufacturer_Part_Number"; Value = "90151-2124"; VariantName = "[No Variations]"
Add component (AddParameter): Name = "TTI Part Number"; Value = ""; VariantName = "[No Variations]"
Add component (AddParameter): Name = "TTI Price/Stock"; Value = ""; VariantName = "[No Variations]"
Added Component: Designator=J3(1985917)
Add component. Clean all parameters for all variants
Add component (AddParameter): Name = "Datasheet Link"; Value = "https://media.digikey.com/pdf/Data%20Sheets/Phoenix%20Contact%20PDFs/Multi-Postion%20PCTerminal%20Blocks.pdf"; VariantName = "[No Variations]"
Add component (AddParameter): Name = "Geometry.Height"; Value = "13.95mm"; VariantName = "[No Variations]"
Add component (AddParameter): Name = "Manufacturer_Name"; Value = "Phoenix Contact"; VariantName = "[No Variations]"
Add component (AddParameter): Name = "Manufacturer_Part_Number"; Value = "1985917"; VariantName = "[No Variations]"
Add component (AddParameter): Name = "TTI Part Number"; Value = ""; VariantName = "[No Variations]"
Add component (AddParameter): Name = "TTI Price/Stock"; Value = ""; VariantName = "[No Variations]"
Added Component: Designator=J4(1985917)
Add component. Clean all parameters for all variants
Add component (AddParameter): Name = "Datasheet Link"; Value = "https://media.digikey.com/pdf/Data%20Sheets/Phoenix%20Contact%20PDFs/Multi-Postion%20PCTerminal%20Blocks.pdf"; VariantName = "[No Variations]"
Add component (AddParameter): Name = "Geometry.Height"; Value = "13.95mm"; VariantName = "[No Variations]"
Add component (AddParameter): Name = "Manufacturer_Name"; Value = "Phoenix Contact"; VariantName = "[No Variations]"
Add component (AddParameter): Name = "Manufacturer_Part_Number"; Value = "1985917"; VariantName = "[No Variations]"
Add component (AddParameter): Name = "TTI Part Number"; Value = ""; VariantName = "[No Variations]"
Add component (AddParameter): Name = "TTI Price/Stock"; Value = ""; VariantName = "[No Variations]"
Added Component: Designator=J5(1985917)
Add component. Clean all parameters for all variants
Add component (AddParameter): Name = "Datasheet Link"; Value = "https://media.digikey.com/pdf/Data%20Sheets/Phoenix%20Contact%20PDFs/Multi-Postion%20PCTerminal%20Blocks.pdf"; VariantName = "[No Variations]"
Add component (AddParameter): Name = "Geometry.Height"; Value = "13.95mm"; VariantName = "[No Variations]"
Add component (AddParameter): Name = "Manufacturer_Name"; Value = "Phoenix Contact"; VariantName = "[No Variations]"
Add component (AddParameter): Name = "Manufacturer_Part_Number"; Value = "1985917"; VariantName = "[No Variations]"
Add component (AddParameter): Name = "TTI Part Number"; Value = ""; VariantName = "[No Variations]"
Add component (AddParameter): Name = "TTI Price/Stock"; Value = ""; VariantName = "[No Variations]"
Added Component: Designator=J6(1985917)
Add component. Clean all parameters for all variants
Add component (AddParameter): Name = "Datasheet Link"; Value = "https://media.digikey.com/pdf/Data%20Sheets/Phoenix%20Contact%20PDFs/Multi-Postion%20PCTerminal%20Blocks.pdf"; VariantName = "[No Variations]"
Add component (AddParameter): Name = "Geometry.Height"; Value = "13.95mm"; VariantName = "[No Variations]"
Add component (AddParameter): Name = "Manufacturer_Name"; Value = "Phoenix Contact"; VariantName = "[No Variations]"
Add component (AddParameter): Name = "Manufacturer_Part_Number"; Value = "1985917"; VariantName = "[No Variations]"
Add component (AddParameter): Name = "TTI Part Number"; Value = ""; VariantName = "[No Variations]"
Add component (AddParameter): Name = "TTI Price/Stock"; Value = ""; VariantName = "[No Variations]"
Added Component: Designator=J7(1985917)
Add component. Clean all parameters for all variants
Add component (AddParameter): Name = "Datasheet Link"; Value = "https://media.digikey.com/pdf/Data%20Sheets/Phoenix%20Contact%20PDFs/Multi-Postion%20PCTerminal%20Blocks.pdf"; VariantName = "[No Variations]"
Add component (AddParameter): Name = "Geometry.Height"; Value = "13.95mm"; VariantName = "[No Variations]"
Add component (AddParameter): Name = "Manufacturer_Name"; Value = "Phoenix Contact"; VariantName = "[No Variations]"
Add component (AddParameter): Name = "Manufacturer_Part_Number"; Value = "1985917"; VariantName = "[No Variations]"
Add component (AddParameter): Name = "TTI Part Number"; Value = ""; VariantName = "[No Variations]"
Add component (AddParameter): Name = "TTI Price/Stock"; Value = ""; VariantName = "[No Variations]"
Added Component: Designator=J8(1985917)
Add component. Clean all parameters for all variants
Add component (AddParameter): Name = "Datasheet Link"; Value = "https://media.digikey.com/pdf/Data%20Sheets/Phoenix%20Contact%20PDFs/Multi-Postion%20PCTerminal%20Blocks.pdf"; VariantName = "[No Variations]"
Add component (AddParameter): Name = "Geometry.Height"; Value = "13.95mm"; VariantName = "[No Variations]"
Add component (AddParameter): Name = "Manufacturer_Name"; Value = "Phoenix Contact"; VariantName = "[No Variations]"
Add component (AddParameter): Name = "Manufacturer_Part_Number"; Value = "1985917"; VariantName = "[No Variations]"
Add component (AddParameter): Name = "TTI Part Number"; Value = ""; VariantName = "[No Variations]"
Add component (AddParameter): Name = "TTI Price/Stock"; Value = ""; VariantName = "[No Variations]"
Added Component: Designator=J9(1985917)
Add component. Clean all parameters for all variants
Add component (AddParameter): Name = "Datasheet Link"; Value = "https://media.digikey.com/pdf/Data%20Sheets/Phoenix%20Contact%20PDFs/Multi-Postion%20PCTerminal%20Blocks.pdf"; VariantName = "[No Variations]"
Add component (AddParameter): Name = "Geometry.Height"; Value = "13.95mm"; VariantName = "[No Variations]"
Add component (AddParameter): Name = "Manufacturer_Name"; Value = "Phoenix Contact"; VariantName = "[No Variations]"
Add component (AddParameter): Name = "Manufacturer_Part_Number"; Value = "1985917"; VariantName = "[No Variations]"
Add component (AddParameter): Name = "TTI Part Number"; Value = ""; VariantName = "[No Variations]"
Add component (AddParameter): Name = "TTI Price/Stock"; Value = ""; VariantName = "[No Variations]"
Added Component: Designator=J10(1711725)
Add component. Clean all parameters for all variants
Add component (AddParameter): Name = "Datasheet Link"; Value = "http://www.phoenixcontact.net/product/1711725"; VariantName = "[No Variations]"
Add component (AddParameter): Name = "Geometry.Height"; Value = "18.2mm"; VariantName = "[No Variations]"
Add component (AddParameter): Name = "Manufacturer_Name"; Value = "Phoenix Contact"; VariantName = "[No Variations]"
Add component (AddParameter): Name = "Manufacturer_Part_Number"; Value = "1711725"; VariantName = "[No Variations]"
Add component (AddParameter): Name = "TTI Part Number"; Value = ""; VariantName = "[No Variations]"
Add component (AddParameter): Name = "TTI Price/Stock"; Value = ""; VariantName = "[No Variations]"
Added Component: Designator=J11(SHDR14W65P254_2X7_2012X975X1110P)
Add component. Clean all parameters for all variants
Add component (AddParameter): Name = "Datasheet Link"; Value = "https://www.molex.com/pdm_docs/sd/901301214_sd.pdf"; VariantName = "[No Variations]"
Add component (AddParameter): Name = "Geometry.Height"; Value = "11.1mm"; VariantName = "[No Variations]"
Add component (AddParameter): Name = "Manufacturer_Name"; Value = "Molex"; VariantName = "[No Variations]"
Add component (AddParameter): Name = "Manufacturer_Part_Number"; Value = "0901301214"; VariantName = "[No Variations]"
Add component (AddParameter): Name = "TTI Part Number"; Value = ""; VariantName = "[No Variations]"
Add component (AddParameter): Name = "TTI Price/Stock"; Value = ""; VariantName = "[No Variations]"
Added Component: Designator=J12(1711725)
Add component. Clean all parameters for all variants
Add component (AddParameter): Name = "Datasheet Link"; Value = "http://www.phoenixcontact.net/product/1711725"; VariantName = "[No Variations]"
Add component (AddParameter): Name = "Geometry.Height"; Value = "18.2mm"; VariantName = "[No Variations]"
Add component (AddParameter): Name = "Manufacturer_Name"; Value = "Phoenix Contact"; VariantName = "[No Variations]"
Add component (AddParameter): Name = "Manufacturer_Part_Number"; Value = "1711725"; VariantName = "[No Variations]"
Add component (AddParameter): Name = "TTI Part Number"; Value = ""; VariantName = "[No Variations]"
Add component (AddParameter): Name = "TTI Price/Stock"; Value = ""; VariantName = "[No Variations]"
Added Component: Designator=J13(1711725)
Add component. Clean all parameters for all variants
Add component (AddParameter): Name = "Datasheet Link"; Value = "http://www.phoenixcontact.net/product/1711725"; VariantName = "[No Variations]"
Add component (AddParameter): Name = "Geometry.Height"; Value = "18.2mm"; VariantName = "[No Variations]"
Add component (AddParameter): Name = "Manufacturer_Name"; Value = "Phoenix Contact"; VariantName = "[No Variations]"
Add component (AddParameter): Name = "Manufacturer_Part_Number"; Value = "1711725"; VariantName = "[No Variations]"
Add component (AddParameter): Name = "TTI Part Number"; Value = ""; VariantName = "[No Variations]"
Add component (AddParameter): Name = "TTI Price/Stock"; Value = ""; VariantName = "[No Variations]"
Added Component: Designator=J14(1711725)
Add component. Clean all parameters for all variants
Add component (AddParameter): Name = "Datasheet Link"; Value = "http://www.phoenixcontact.net/product/1711725"; VariantName = "[No Variations]"
Add component (AddParameter): Name = "Geometry.Height"; Value = "18.2mm"; VariantName = "[No Variations]"
Add component (AddParameter): Name = "Manufacturer_Name"; Value = "Phoenix Contact"; VariantName = "[No Variations]"
Add component (AddParameter): Name = "Manufacturer_Part_Number"; Value = "1711725"; VariantName = "[No Variations]"
Add component (AddParameter): Name = "TTI Part Number"; Value = ""; VariantName = "[No Variations]"
Add component (AddParameter): Name = "TTI Price/Stock"; Value = ""; VariantName = "[No Variations]"
Added Component: Designator=J15(1985917)
Add component. Clean all parameters for all variants
Add component (AddParameter): Name = "Datasheet Link"; Value = "https://media.digikey.com/pdf/Data%20Sheets/Phoenix%20Contact%20PDFs/Multi-Postion%20PCTerminal%20Blocks.pdf"; VariantName = "[No Variations]"
Add component (AddParameter): Name = "Geometry.Height"; Value = "13.95mm"; VariantName = "[No Variations]"
Add component (AddParameter): Name = "Manufacturer_Name"; Value = "Phoenix Contact"; VariantName = "[No Variations]"
Add component (AddParameter): Name = "Manufacturer_Part_Number"; Value = "1985917"; VariantName = "[No Variations]"
Add component (AddParameter): Name = "TTI Part Number"; Value = ""; VariantName = "[No Variations]"
Add component (AddParameter): Name = "TTI Price/Stock"; Value = ""; VariantName = "[No Variations]"
Added Component: Designator=J16(1985917)
Add component. Clean all parameters for all variants
Add component (AddParameter): Name = "Datasheet Link"; Value = "https://media.digikey.com/pdf/Data%20Sheets/Phoenix%20Contact%20PDFs/Multi-Postion%20PCTerminal%20Blocks.pdf"; VariantName = "[No Variations]"
Add component (AddParameter): Name = "Geometry.Height"; Value = "13.95mm"; VariantName = "[No Variations]"
Add component (AddParameter): Name = "Manufacturer_Name"; Value = "Phoenix Contact"; VariantName = "[No Variations]"
Add component (AddParameter): Name = "Manufacturer_Part_Number"; Value = "1985917"; VariantName = "[No Variations]"
Add component (AddParameter): Name = "TTI Part Number"; Value = ""; VariantName = "[No Variations]"
Add component (AddParameter): Name = "TTI Price/Stock"; Value = ""; VariantName = "[No Variations]"
Added Pin To Net: NetName=NetJ1_1 Pin=J1-1
Added Pin To Net: NetName=NetJ1_1 Pin=J2-1
Added Net: Name=NetJ1_1
Added Pin To Net: NetName=NetJ1_2 Pin=J1-2
Added Pin To Net: NetName=NetJ1_2 Pin=J2-3
Added Net: Name=NetJ1_2
Added Pin To Net: NetName=NetJ1_3 Pin=J1-3
Added Pin To Net: NetName=NetJ1_3 Pin=J2-5
Added Net: Name=NetJ1_3
Added Pin To Net: NetName=NetJ2_2 Pin=J2-2
Added Pin To Net: NetName=NetJ2_2 Pin=J3-1
Added Net: Name=NetJ2_2
Added Pin To Net: NetName=NetJ2_4 Pin=J2-4
Added Pin To Net: NetName=NetJ2_4 Pin=J3-2
Added Net: Name=NetJ2_4
Added Pin To Net: NetName=NetJ2_6 Pin=J2-6
Added Pin To Net: NetName=NetJ2_6 Pin=J3-3
Added Net: Name=NetJ2_6
Added Pin To Net: NetName=NetJ2_7 Pin=J2-7
Added Pin To Net: NetName=NetJ2_7 Pin=J4-1
Added Net: Name=NetJ2_7
Added Pin To Net: NetName=NetJ2_8 Pin=J2-8
Added Pin To Net: NetName=NetJ2_8 Pin=J5-1
Added Net: Name=NetJ2_8
Added Pin To Net: NetName=NetJ2_9 Pin=J2-9
Added Pin To Net: NetName=NetJ2_9 Pin=J4-2
Added Net: Name=NetJ2_9
Added Pin To Net: NetName=NetJ2_10 Pin=J2-10
Added Pin To Net: NetName=NetJ2_10 Pin=J5-2
Added Net: Name=NetJ2_10
Added Pin To Net: NetName=NetJ2_11 Pin=J2-11
Added Pin To Net: NetName=NetJ2_11 Pin=J4-3
Added Net: Name=NetJ2_11
Added Pin To Net: NetName=NetJ2_12 Pin=J2-12
Added Pin To Net: NetName=NetJ2_12 Pin=J5-3
Added Net: Name=NetJ2_12
Added Pin To Net: NetName=NetJ2_13 Pin=J2-13
Added Pin To Net: NetName=NetJ2_13 Pin=J6-1
Added Net: Name=NetJ2_13
Added Pin To Net: NetName=NetJ2_14 Pin=J2-14
Added Pin To Net: NetName=NetJ2_14 Pin=J7-1
Added Net: Name=NetJ2_14
Added Pin To Net: NetName=NetJ2_15 Pin=J2-15
Added Pin To Net: NetName=NetJ2_15 Pin=J6-2
Added Net: Name=NetJ2_15
Added Pin To Net: NetName=NetJ2_16 Pin=J2-16
Added Pin To Net: NetName=NetJ2_16 Pin=J7-2
Added Net: Name=NetJ2_16
Added Pin To Net: NetName=NetJ2_17 Pin=J2-17
Added Pin To Net: NetName=NetJ2_17 Pin=J6-3
Added Net: Name=NetJ2_17
Added Pin To Net: NetName=NetJ2_18 Pin=J2-18
Added Pin To Net: NetName=NetJ2_18 Pin=J7-3
Added Net: Name=NetJ2_18
Added Pin To Net: NetName=NetJ2_19 Pin=J2-19
Added Pin To Net: NetName=NetJ2_19 Pin=J8-1
Added Net: Name=NetJ2_19
Added Pin To Net: NetName=NetJ2_20 Pin=J2-20
Added Pin To Net: NetName=NetJ2_20 Pin=J9-1
Added Net: Name=NetJ2_20
Added Pin To Net: NetName=NetJ2_21 Pin=J2-21
Added Pin To Net: NetName=NetJ2_21 Pin=J8-2
Added Net: Name=NetJ2_21
Added Pin To Net: NetName=NetJ2_22 Pin=J2-22
Added Pin To Net: NetName=NetJ2_22 Pin=J9-2
Added Net: Name=NetJ2_22
Added Pin To Net: NetName=NetJ2_23 Pin=J2-23
Added Pin To Net: NetName=NetJ2_23 Pin=J8-3
Added Net: Name=NetJ2_23
Added Pin To Net: NetName=NetJ2_24 Pin=J2-24
Added Pin To Net: NetName=NetJ2_24 Pin=J9-3
Added Net: Name=NetJ2_24
Added Pin To Net: NetName=NetJ10_1 Pin=J10-1
Added Pin To Net: NetName=NetJ10_1 Pin=J11-1
Added Net: Name=NetJ10_1
Added Pin To Net: NetName=NetJ10_2 Pin=J10-2
Added Pin To Net: NetName=NetJ10_2 Pin=J11-3
Added Net: Name=NetJ10_2
Added Pin To Net: NetName=NetJ11_2 Pin=J11-2
Added Pin To Net: NetName=NetJ11_2 Pin=J12-1
Added Net: Name=NetJ11_2
Added Pin To Net: NetName=NetJ11_4 Pin=J11-4
Added Pin To Net: NetName=NetJ11_4 Pin=J12-2
Added Net: Name=NetJ11_4
Added Pin To Net: NetName=NetJ11_5 Pin=J11-5
Added Pin To Net: NetName=NetJ11_5 Pin=J13-1
Added Net: Name=NetJ11_5
Added Pin To Net: NetName=NetJ11_6 Pin=J11-6
Added Pin To Net: NetName=NetJ11_6 Pin=J14-1
Added Net: Name=NetJ11_6
Added Pin To Net: NetName=NetJ11_7 Pin=J11-7
Added Pin To Net: NetName=NetJ11_7 Pin=J13-2
Added Net: Name=NetJ11_7
Added Pin To Net: NetName=NetJ11_8 Pin=J11-8
Added Pin To Net: NetName=NetJ11_8 Pin=J14-2
Added Net: Name=NetJ11_8
Added Pin To Net: NetName=NetJ11_9 Pin=J11-9
Added Pin To Net: NetName=NetJ11_9 Pin=J15-1
Added Net: Name=NetJ11_9
Added Pin To Net: NetName=NetJ11_10 Pin=J11-10
Added Pin To Net: NetName=NetJ11_10 Pin=J16-1
Added Net: Name=NetJ11_10
Added Pin To Net: NetName=NetJ11_11 Pin=J11-11
Added Pin To Net: NetName=NetJ11_11 Pin=J15-2
Added Net: Name=NetJ11_11
Added Pin To Net: NetName=NetJ11_12 Pin=J11-12
Added Pin To Net: NetName=NetJ11_12 Pin=J16-2
Added Net: Name=NetJ11_12
Added Pin To Net: NetName=NetJ11_13 Pin=J11-13
Added Pin To Net: NetName=NetJ11_13 Pin=J15-3
Added Net: Name=NetJ11_13
Added Pin To Net: NetName=NetJ11_14 Pin=J11-14
Added Pin To Net: NetName=NetJ11_14 Pin=J16-3
Added Net: Name=NetJ11_14
Added Class: Name=Sheet1
Added Room: Name=Sheet1
